[14:51:34] [main/INFO]: Extra: []
[14:51:34] [main/INFO]: Running with arguments: [--tweakClass, net.minecraftforge.fml.common.launcher.FMLServerTweaker, --tweakClass, net.minecraftforge.gradle.tweakers.CoremodTweaker]
[14:51:34] [main/INFO]: Loading tweak class name net.minecraftforge.fml.common.launcher.FMLServerTweaker
[14:51:34] [main/INFO]: Using primary tweak class name net.minecraftforge.fml.common.launcher.FMLServerTweaker
[14:51:34] [main/INFO]: Loading tweak class name net.minecraftforge.gradle.tweakers.CoremodTweaker
[14:51:34] [main/INFO]: Calling tweak class net.minecraftforge.fml.common.launcher.FMLServerTweaker
[14:51:46] [Server thread/INFO]: Starting minecraft server version 1.12.2
[14:51:56] [Server thread/INFO]: Loading properties
[14:51:57] [Server thread/INFO]: Default game type: SURVIVAL
[14:51:57] [Server thread/INFO]: Generating keypair
[14:51:58] [Server thread/INFO]: Starting Minecraft server on *:25565
[14:51:58] [Server thread/INFO]: Using epoll channel type
[14:52:01] [Server thread/INFO]: Preparing level "world"
[14:52:05] [Server thread/INFO]: Loaded 488 advancements
[14:52:07] [Server thread/INFO]: Preparing start region for level 0
[14:52:09] [Server thread/INFO]: Preparing spawn area: 4%
[14:52:10] [Server thread/INFO]: Preparing spawn area: 5%
[14:52:11] [Server thread/INFO]: Preparing spawn area: 8%
[14:52:12] [Server thread/INFO]: Preparing spawn area: 9%
[14:52:13] [Server thread/INFO]: Preparing spawn area: 10%
[14:52:14] [Server thread/INFO]: Preparing spawn area: 13%
[14:52:15] [Server thread/INFO]: Preparing spawn area: 16%
[14:52:16] [Server thread/INFO]: Preparing spawn area: 19%
[14:52:17] [Server thread/INFO]: Preparing spawn area: 21%
[14:52:19] [Server thread/INFO]: Preparing spawn area: 24%
[14:52:20] [Server thread/INFO]: Preparing spawn area: 25%
[14:52:21] [Server thread/INFO]: Preparing spawn area: 28%
[14:52:22] [Server thread/INFO]: Preparing spawn area: 30%
[14:52:23] [Server thread/INFO]: Preparing spawn area: 33%
[14:52:24] [Server thread/INFO]: Preparing spawn area: 36%
[14:52:25] [Server thread/INFO]: Preparing spawn area: 39%
[14:52:26] [Server thread/INFO]: Preparing spawn area: 42%
[14:52:27] [Server thread/INFO]: Preparing spawn area: 45%
[14:52:28] [Server thread/INFO]: Preparing spawn area: 48%
[14:52:29] [Server thread/INFO]: Preparing spawn area: 52%
[14:52:30] [Server thread/INFO]: Preparing spawn area: 54%
[14:52:31] [Server thread/INFO]: Preparing spawn area: 58%
[14:52:32] [Server thread/INFO]: Preparing spawn area: 62%
[14:52:33] [Server thread/INFO]: Preparing spawn area: 66%
[14:52:34] [Server thread/INFO]: Preparing spawn area: 67%
[14:52:35] [Server thread/INFO]: Preparing spawn area: 70%
[14:52:36] [Server thread/INFO]: Preparing spawn area: 73%
[14:52:37] [Server thread/INFO]: Preparing spawn area: 76%
[14:52:38] [Server thread/INFO]: Preparing spawn area: 80%
[14:52:39] [Server thread/INFO]: Preparing spawn area: 85%
[14:52:40] [Server thread/INFO]: Preparing spawn area: 88%
[14:52:41] [Server thread/INFO]: Preparing spawn area: 91%
[14:52:42] [Server thread/INFO]: Preparing spawn area: 93%
[14:52:43] [Server thread/INFO]: Preparing spawn area: 95%
[14:52:44] [Server thread/INFO]: Preparing spawn area: 98%
[14:52:45] [Server thread/INFO]: Done (44.172s)! For help, type "help" or "?"
[14:52:50] [Server thread/WARN]: Can't keep up! Did the system time change, or is the server overloaded? Running 4411ms behind, skipping 88 tick(s)
[15:23:45] [Server thread/INFO]: Stopping the server
[15:23:45] [Server thread/INFO]: Stopping server
[15:23:45] [Server thread/INFO]: Saving players
[15:23:45] [Server thread/INFO]: Saving worlds
[15:23:45] [Server thread/INFO]: Saving chunks for level 'world'/overworld
[15:23:45] [Server thread/INFO]: Saving chunks for level 'world'/the_nether
[15:23:45] [Server thread/INFO]: Saving chunks for level 'world'/the_end
[15:23:46] [Server Shutdown Thread/INFO]: Stopping server
[15:23:46] [Server Shutdown Thread/INFO]: Saving players
[15:23:46] [Server Shutdown Thread/INFO]: Saving worlds
